[debug] [2025-05-08T13:41:37.030Z] ----------------------------------------------------------------------
[debug] [2025-05-08T13:41:37.033Z] Command:       /nix/store/rbdrkcs5kkwpalxcd7c6bnm33lk2955n-nodejs-20.19.0/bin/node /nix/store/brmfxwbd6i89047yx9wp8p04j5xlbk0r-firebase-tools-14.2.2/lib/node_modules/firebase-tools/lib/bin/firebase.js deploy
[debug] [2025-05-08T13:41:37.034Z] CLI Version:   14.2.2
[debug] [2025-05-08T13:41:37.034Z] Platform:      linux
[debug] [2025-05-08T13:41:37.035Z] Node Version:  v20.19.0
[debug] [2025-05-08T13:41:37.035Z] Time:          Thu May 08 2025 13:41:37 GMT+0000 (Coordinated Universal Time)
[debug] [2025-05-08T13:41:37.035Z] ----------------------------------------------------------------------
[debug] 
[debug] [2025-05-08T13:41:37.038Z] >>> [apiv2][query] GET https://firebase-public.firebaseio.com/cli.json [none]
[debug] [2025-05-08T13:41:37.619Z] > command requires scopes: ["email","openid","https://www.googleapis.com/auth/cloudplatformprojects.readonly","https://www.googleapis.com/auth/firebase","https://www.googleapis.com/auth/cloud-platform"]
[debug] [2025-05-08T13:41:37.976Z] <<< [apiv2][status] GET https://firebase-public.firebaseio.com/cli.json 200
[debug] [2025-05-08T13:41:37.978Z] <<< [apiv2][body] GET https://firebase-public.firebaseio.com/cli.json {"cloudBuildErrorAfter":1594252800000,"cloudBuildWarnAfter":1590019200000,"defaultNode10After":1594252800000,"minVersion":"3.0.5","node8DeploysDisabledAfter":1613390400000,"node8RuntimeDisabledAfter":1615809600000,"node8WarnAfter":1600128000000}
[debug] [2025-05-08T13:41:50.822Z] Running auto auth
[debug] [2025-05-08T13:41:50.857Z] [iam] checking project portfolio-214a4 for permissions ["firebase.projects.get","firebasehosting.sites.update"]
[debug] [2025-05-08T13:41:50.863Z] No OAuth tokens found
[debug] [2025-05-08T13:41:50.869Z] >>> [apiv2][query] POST https://cloudresourcemanager.googleapis.com/v1/projects/portfolio-214a4:testIamPermissions [none]
[debug] [2025-05-08T13:41:50.870Z] >>> [apiv2][(partial)header] POST https://cloudresourcemanager.googleapis.com/v1/projects/portfolio-214a4:testIamPermissions x-goog-quota-user=projects/portfolio-214a4
[debug] [2025-05-08T13:41:50.870Z] >>> [apiv2][body] POST https://cloudresourcemanager.googleapis.com/v1/projects/portfolio-214a4:testIamPermissions {"permissions":["firebase.projects.get","firebasehosting.sites.update"]}
[debug] [2025-05-08T13:41:51.890Z] <<< [apiv2][status] POST https://cloudresourcemanager.googleapis.com/v1/projects/portfolio-214a4:testIamPermissions 200
[debug] [2025-05-08T13:41:51.891Z] <<< [apiv2][body] POST https://cloudresourcemanager.googleapis.com/v1/projects/portfolio-214a4:testIamPermissions {}
[debug] [2025-05-08T13:41:51.891Z] [iam] error while checking permissions, command may fail: Authorization failed. This account is missing the following required permissions on project portfolio-214a4:

  firebase.projects.get
  firebasehosting.sites.update
[debug] [2025-05-08T13:41:51.892Z] No OAuth tokens found
[debug] [2025-05-08T13:41:51.893Z] >>> [apiv2][query] GET https://firebase.googleapis.com/v1beta1/projects/portfolio-214a4 [none]
[debug] [2025-05-08T13:41:52.382Z] <<< [apiv2][status] GET https://firebase.googleapis.com/v1beta1/projects/portfolio-214a4 403
[debug] [2025-05-08T13:41:52.383Z] <<< [apiv2][body] GET https://firebase.googleapis.com/v1beta1/projects/portfolio-214a4 {"error":{"code":403,"message":"The caller does not have permission","status":"PERMISSION_DENIED"}}
[debug] [2025-05-08T13:41:52.385Z] Request to https://firebase.googleapis.com/v1beta1/projects/portfolio-214a4 had HTTP Error: 403, The caller does not have permission
[debug] [2025-05-08T13:41:52.386Z] FirebaseError: Request to https://firebase.googleapis.com/v1beta1/projects/portfolio-214a4 had HTTP Error: 403, The caller does not have permission
    at responseToError (/nix/store/brmfxwbd6i89047yx9wp8p04j5xlbk0r-firebase-tools-14.2.2/lib/node_modules/firebase-tools/lib/responseToError.js:52:12)
    at RetryOperation._fn (/nix/store/brmfxwbd6i89047yx9wp8p04j5xlbk0r-firebase-tools-14.2.2/lib/node_modules/firebase-tools/lib/apiv2.js:312:77)
    at process.processTicksAndRejections (node:internal/process/task_queues:95:5)
[error] 
[error] Error: Failed to get Firebase project portfolio-214a4. Please make sure the project exists and your account has permission to access it.
